# JRE version: Java(TM) SE Runtime Environment (8.0_25-b18) (build 1.8.0_25-b18)
# Java VM: Java HotSpot(TM) 64-Bit Server VM (25.25-b02 mixed mode windows-amd64 compressed oops)
Heap:
 PSYoungGen      total 215040K, used 191268K [0x00000000e0000000, 0x00000000f2700000, 0x0000000100000000)
  eden space 202752K, 88% used [0x00000000e0000000,0x00000000eaecbef0,0x00000000ec600000)
  from space 12288K, 99% used [0x00000000ec600000,0x00000000ed1fd160,0x00000000ed200000)
  to   space 15360K, 0% used [0x00000000f1800000,0x00000000f1800000,0x00000000f2700000)
 ParOldGen       total 76288K, used 20661K [0x00000000a0000000, 0x00000000a4a80000, 0x00000000e0000000)
  object space 76288K, 27% used [0x00000000a0000000,0x00000000a142d7d8,0x00000000a4a80000)
 Metaspace       used 51892K, capacity 53614K, committed 53848K, reserved 1095680K
  class space    used 7154K, capacity 7546K, committed 7552K, reserved 1048576K
GC Heap History (10 events):
Event: 3.253 GC heap before
{Heap before GC invocations=7 (full 1):
 PSYoungGen      total 71680K, used 66560K [0x00000000e0000000, 0x00000000e9700000, 0x0000000100000000)
  eden space 66560K, 100% used [0x00000000e0000000,0x00000000e4100000,0x00000000e4100000)
  from space 5120K, 0% used [0x00000000e4100000,0x00000000e4100000,0x00000000e4600000)
  to   space 10752K, 0% used [0x00000000e8c80000,0x00000000e8c80000,0x00000000e9700000)
 ParOldGen       total 52224K, used 6753K [0x00000000a0000000, 0x00000000a3300000, 0x00000000e0000000)
  object space 52224K, 12% used [0x00000000a0000000,0x00000000a06987b0,0x00000000a3300000)
 Metaspace       used 25511K, capacity 26040K, committed 26240K, reserved 1071104K
  class space    used 3552K, capacity 3691K, committed 3712K, reserved 1048576K
Event: 3.259 GC heap after
Heap after GC invocations=7 (full 1):
 PSYoungGen      total 124928K, used 6845K [0x00000000e0000000, 0x00000000e9380000, 0x0000000100000000)
  eden space 117760K, 0% used [0x00000000e0000000,0x00000000e0000000,0x00000000e7300000)
  from space 7168K, 95% used [0x00000000e8c80000,0x00000000e932f6c8,0x00000000e9380000)
  to   space 10240K, 0% used [0x00000000e7f80000,0x00000000e7f80000,0x00000000e8980000)
 ParOldGen       total 52224K, used 6761K [0x00000000a0000000, 0x00000000a3300000, 0x00000000e0000000)
  object space 52224K, 12% used [0x00000000a0000000,0x00000000a069a7b0,0x00000000a3300000)
 Metaspace       used 25511K, capacity 26040K, committed 26240K, reserved 1071104K
  class space    used 3552K, capacity 3691K, committed 3712K, reserved 1048576K
}
Event: 4.626 GC heap before
{Heap before GC invocations=8 (full 1):
 PSYoungGen      total 124928K, used 124605K [0x00000000e0000000, 0x00000000e9380000, 0x0000000100000000)
  eden space 117760K, 100% used [0x00000000e0000000,0x00000000e7300000,0x00000000e7300000)
  from space 7168K, 95% used [0x00000000e8c80000,0x00000000e932f6c8,0x00000000e9380000)
  to   space 10240K, 0% used [0x00000000e7f80000,0x00000000e7f80000,0x00000000e8980000)
 ParOldGen       total 52224K, used 6761K [0x00000000a0000000, 0x00000000a3300000, 0x00000000e0000000)
  object space 52224K, 12% used [0x00000000a0000000,0x00000000a069a7b0,0x00000000a3300000)
 Metaspace       used 31261K, capacity 31750K, committed 32000K, reserved 1077248K
  class space    used 4348K, capacity 4482K, committed 4608K, reserved 1048576K
Event: 4.634 GC heap after
Heap after GC invocations=8 (full 1):
 PSYoungGen      total 140800K, used 10236K [0x00000000e0000000, 0x00000000edd80000, 0x0000000100000000)
  eden space 130560K, 0% used [0x00000000e0000000,0x00000000e0000000,0x00000000e7f80000)
  from space 10240K, 99% used [0x00000000e7f80000,0x00000000e897f1c8,0x00000000e8980000)
  to   space 11776K, 0% used [0x00000000ed200000,0x00000000ed200000,0x00000000edd80000)
 ParOldGen       total 52224K, used 6977K [0x00000000a0000000, 0x00000000a3300000, 0x00000000e0000000)
  object space 52224K, 13% used [0x00000000a0000000,0x00000000a06d0688,0x00000000a3300000)
 Metaspace       used 31261K, capacity 31750K, committed 32000K, reserved 1077248K
  class space    used 4348K, capacity 4482K, committed 4608K, reserved 1048576K
}
Event: 4.905 GC heap before
{Heap before GC invocations=9 (full 1):
 PSYoungGen      total 140800K, used 31956K [0x00000000e0000000, 0x00000000edd80000, 0x0000000100000000)
  eden space 130560K, 16% used [0x00000000e0000000,0x00000000e15361b8,0x00000000e7f80000)
  from space 10240K, 99% used [0x00000000e7f80000,0x00000000e897f1c8,0x00000000e8980000)
  to   space 11776K, 0% used [0x00000000ed200000,0x00000000ed200000,0x00000000edd80000)
 ParOldGen       total 52224K, used 6977K [0x00000000a0000000, 0x00000000a3300000, 0x00000000e0000000)
  object space 52224K, 13% used [0x00000000a0000000,0x00000000a06d0688,0x00000000a3300000)
 Metaspace       used 34556K, capacity 35224K, committed 35416K, reserved 1079296K
  class space    used 4797K, capacity 4988K, committed 4992K, reserved 1048576K
Event: 4.914 GC heap after
Heap after GC invocations=9 (full 1):
 PSYoungGen      total 214528K, used 9387K [0x00000000e0000000, 0x00000000ef300000, 0x0000000100000000)
  eden space 202752K, 0% used [0x00000000e0000000,0x00000000e0000000,0x00000000ec600000)
  from space 11776K, 79% used [0x00000000ed200000,0x00000000edb2ac68,0x00000000edd80000)
  to   space 12288K, 0% used [0x00000000ec600000,0x00000000ec600000,0x00000000ed200000)
 ParOldGen       total 52224K, used 6985K [0x00000000a0000000, 0x00000000a3300000, 0x00000000e0000000)
  object space 52224K, 13% used [0x00000000a0000000,0x00000000a06d2688,0x00000000a3300000)
 Metaspace       used 34556K, capacity 35224K, committed 35416K, reserved 1079296K
  class space    used 4797K, capacity 4988K, committed 4992K, reserved 1048576K
}
Event: 4.914 GC heap before
{Heap before GC invocations=10 (full 2):
 PSYoungGen      total 214528K, used 9387K [0x00000000e0000000, 0x00000000ef300000, 0x0000000100000000)
  eden space 202752K, 0% used [0x00000000e0000000,0x00000000e0000000,0x00000000ec600000)
  from space 11776K, 79% used [0x00000000ed200000,0x00000000edb2ac68,0x00000000edd80000)
  to   space 12288K, 0% used [0x00000000ec600000,0x00000000ec600000,0x00000000ed200000)
 ParOldGen       total 52224K, used 6985K [0x00000000a0000000, 0x00000000a3300000, 0x00000000e0000000)
  object space 52224K, 13% used [0x00000000a0000000,0x00000000a06d2688,0x00000000a3300000)
 Metaspace       used 34556K, capacity 35224K, committed 35416K, reserved 1079296K
  class space    used 4797K, capacity 4988K, committed 4992K, reserved 1048576K
Event: 4.991 GC heap after
Heap after GC invocations=10 (full 2):
 PSYoungGen      total 214528K, used 0K [0x00000000e0000000, 0x00000000ef300000, 0x0000000100000000)
  eden space 202752K, 0% used [0x00000000e0000000,0x00000000e0000000,0x00000000ec600000)
  from space 11776K, 0% used [0x00000000ed200000,0x00000000ed200000,0x00000000edd80000)
  to   space 12288K, 0% used [0x00000000ec600000,0x00000000ec600000,0x00000000ed200000)
 ParOldGen       total 76288K, used 15799K [0x00000000a0000000, 0x00000000a4a80000, 0x00000000e0000000)
  object space 76288K, 20% used [0x00000000a0000000,0x00000000a0f6dec8,0x00000000a4a80000)
 Metaspace       used 34556K, capacity 35224K, committed 35416K, reserved 1079296K
  class space    used 4797K, capacity 4988K, committed 4992K, reserved 1048576K
}
Event: 6.633 GC heap before
{Heap before GC invocations=11 (full 2):
 PSYoungGen      total 214528K, used 202752K [0x00000000e0000000, 0x00000000ef300000, 0x0000000100000000)
  eden space 202752K, 100% used [0x00000000e0000000,0x00000000ec600000,0x00000000ec600000)
  from space 11776K, 0% used [0x00000000ed200000,0x00000000ed200000,0x00000000edd80000)
  to   space 12288K, 0% used [0x00000000ec600000,0x00000000ec600000,0x00000000ed200000)
 ParOldGen       total 76288K, used 15799K [0x00000000a0000000, 0x00000000a4a80000, 0x00000000e0000000)
  object space 76288K, 20% used [0x00000000a0000000,0x00000000a0f6dec8,0x00000000a4a80000)
 Metaspace       used 46460K, capacity 47430K, committed 47576K, reserved 1089536K
  class space    used 6335K, capacity 6634K, committed 6656K, reserved 1048576K
Event: 6.654 GC heap after
Heap after GC invocations=11 (full 2):
 PSYoungGen      total 215040K, used 12276K [0x00000000e0000000, 0x00000000f2700000, 0x0000000100000000)
  eden space 202752K, 0% used [0x00000000e0000000,0x00000000e0000000,0x00000000ec600000)
  from space 12288K, 99% used [0x00000000ec600000,0x00000000ed1fd160,0x00000000ed200000)
  to   space 15360K, 0% used [0x00000000f1800000,0x00000000f1800000,0x00000000f2700000)
 ParOldGen       total 76288K, used 20661K [0x00000000a0000000, 0x00000000a4a80000, 0x00000000e0000000)
  object space 76288K, 27% used [0x00000000a0000000,0x00000000a142d7d8,0x00000000a4a80000)
 Metaspace       used 46460K, capacity 47430K, committed 47576K, reserved 1089536K
  class space    used 6335K, capacity 6634K, committed 6656K, reserved 1048576K
}

