# JRE version: Java(TM) SE Runtime Environment (8.0_25-b18) (build 1.8.0_25-b18)
# Java VM: Java HotSpot(TM) 64-Bit Server VM (25.25-b02 mixed mode windows-amd64 compressed oops)
Heap:
 PSYoungGen      total 235520K, used 126314K [0x00000000e0000000, 0x00000000efc80000, 0x0000000100000000)
  eden space 223232K, 56% used [0x00000000e0000000,0x00000000e7b5aba8,0x00000000eda00000)
  from space 12288K, 0% used [0x00000000ee680000,0x00000000ee680000,0x00000000ef280000)
  to   space 12800K, 0% used [0x00000000eda00000,0x00000000eda00000,0x00000000ee680000)
 ParOldGen       total 69120K, used 15553K [0x00000000a0000000, 0x00000000a4380000, 0x00000000e0000000)
  object space 69120K, 22% used [0x00000000a0000000,0x00000000a0f30718,0x00000000a4380000)
 Metaspace       used 41681K, capacity 42556K, committed 42840K, reserved 1085440K
  class space    used 5699K, capacity 5983K, committed 6016K, reserved 1048576K
GC Heap History (10 events):
Event: 3.267 GC heap before
{Heap before GC invocations=6 (full 1):
 PSYoungGen      total 71680K, used 5100K [0x00000000e0000000, 0x00000000e9700000, 0x0000000100000000)
  eden space 66560K, 0% used [0x00000000e0000000,0x00000000e0000000,0x00000000e4100000)
  from space 5120K, 99% used [0x00000000e4100000,0x00000000e45fb070,0x00000000e4600000)
  to   space 10752K, 0% used [0x00000000e8c80000,0x00000000e8c80000,0x00000000e9700000)
 ParOldGen       total 87552K, used 8270K [0x00000000a0000000, 0x00000000a5580000, 0x00000000e0000000)
  object space 87552K, 9% used [0x00000000a0000000,0x00000000a0813b50,0x00000000a5580000)
 Metaspace       used 20639K, capacity 21078K, committed 21248K, reserved 1067008K
  class space    used 2923K, capacity 3030K, committed 3072K, reserved 1048576K
Event: 3.313 GC heap after
Heap after GC invocations=6 (full 1):
 PSYoungGen      total 71680K, used 0K [0x00000000e0000000, 0x00000000e9700000, 0x0000000100000000)
  eden space 66560K, 0% used [0x00000000e0000000,0x00000000e0000000,0x00000000e4100000)
  from space 5120K, 0% used [0x00000000e4100000,0x00000000e4100000,0x00000000e4600000)
  to   space 10752K, 0% used [0x00000000e8c80000,0x00000000e8c80000,0x00000000e9700000)
 ParOldGen       total 52736K, used 9597K [0x00000000a0000000, 0x00000000a3380000, 0x00000000e0000000)
  object space 52736K, 18% used [0x00000000a0000000,0x00000000a095f530,0x00000000a3380000)
 Metaspace       used 20638K, capacity 21076K, committed 21248K, reserved 1067008K
  class space    used 2922K, capacity 3029K, committed 3072K, reserved 1048576K
}
Event: 4.101 GC heap before
{Heap before GC invocations=7 (full 1):
 PSYoungGen      total 71680K, used 66127K [0x00000000e0000000, 0x00000000e9700000, 0x0000000100000000)
  eden space 66560K, 99% used [0x00000000e0000000,0x00000000e4093db8,0x00000000e4100000)
  from space 5120K, 0% used [0x00000000e4100000,0x00000000e4100000,0x00000000e4600000)
  to   space 10752K, 0% used [0x00000000e8c80000,0x00000000e8c80000,0x00000000e9700000)
 ParOldGen       total 52736K, used 9597K [0x00000000a0000000, 0x00000000a3380000, 0x00000000e0000000)
  object space 52736K, 18% used [0x00000000a0000000,0x00000000a095f530,0x00000000a3380000)
 Metaspace       used 25098K, capacity 25656K, committed 25984K, reserved 1071104K
  class space    used 3550K, capacity 3691K, committed 3712K, reserved 1048576K
Event: 4.114 GC heap after
Heap after GC invocations=7 (full 1):
 PSYoungGen      total 131072K, used 7278K [0x00000000e0000000, 0x00000000e9400000, 0x0000000100000000)
  eden space 123392K, 0% used [0x00000000e0000000,0x00000000e0000000,0x00000000e7880000)
  from space 7680K, 94% used [0x00000000e8c80000,0x00000000e939b900,0x00000000e9400000)
  to   space 10752K, 0% used [0x00000000e7f00000,0x00000000e7f00000,0x00000000e8980000)
 ParOldGen       total 52736K, used 9605K [0x00000000a0000000, 0x00000000a3380000, 0x00000000e0000000)
  object space 52736K, 18% used [0x00000000a0000000,0x00000000a0961530,0x00000000a3380000)
 Metaspace       used 25098K, capacity 25656K, committed 25984K, reserved 1071104K
  class space    used 3550K, capacity 3691K, committed 3712K, reserved 1048576K
}
Event: 5.646 GC heap before
{Heap before GC invocations=8 (full 1):
 PSYoungGen      total 131072K, used 130670K [0x00000000e0000000, 0x00000000e9400000, 0x0000000100000000)
  eden space 123392K, 100% used [0x00000000e0000000,0x00000000e7880000,0x00000000e7880000)
  from space 7680K, 94% used [0x00000000e8c80000,0x00000000e939b900,0x00000000e9400000)
  to   space 10752K, 0% used [0x00000000e7f00000,0x00000000e7f00000,0x00000000e8980000)
 ParOldGen       total 52736K, used 9605K [0x00000000a0000000, 0x00000000a3380000, 0x00000000e0000000)
  object space 52736K, 18% used [0x00000000a0000000,0x00000000a0961530,0x00000000a3380000)
 Metaspace       used 31656K, capacity 32222K, committed 32512K, reserved 1077248K
  class space    used 4395K, capacity 4558K, committed 4608K, reserved 1048576K
Event: 5.657 GC heap after
Heap after GC invocations=8 (full 1):
 PSYoungGen      total 140800K, used 10736K [0x00000000e0000000, 0x00000000ef280000, 0x0000000100000000)
  eden space 130048K, 0% used [0x00000000e0000000,0x00000000e0000000,0x00000000e7f00000)
  from space 10752K, 99% used [0x00000000e7f00000,0x00000000e897c3b0,0x00000000e8980000)
  to   space 12288K, 0% used [0x00000000ee680000,0x00000000ee680000,0x00000000ef280000)
 ParOldGen       total 52736K, used 10128K [0x00000000a0000000, 0x00000000a3380000, 0x00000000e0000000)
  object space 52736K, 19% used [0x00000000a0000000,0x00000000a09e4258,0x00000000a3380000)
 Metaspace       used 31656K, capacity 32222K, committed 32512K, reserved 1077248K
  class space    used 4395K, capacity 4558K, committed 4608K, reserved 1048576K
}
Event: 5.934 GC heap before
{Heap before GC invocations=9 (full 1):
 PSYoungGen      total 140800K, used 26003K [0x00000000e0000000, 0x00000000ef280000, 0x0000000100000000)
  eden space 130048K, 11% used [0x00000000e0000000,0x00000000e0ee8bd0,0x00000000e7f00000)
  from space 10752K, 99% used [0x00000000e7f00000,0x00000000e897c3b0,0x00000000e8980000)
  to   space 12288K, 0% used [0x00000000ee680000,0x00000000ee680000,0x00000000ef280000)
 ParOldGen       total 52736K, used 10128K [0x00000000a0000000, 0x00000000a3380000, 0x00000000e0000000)
  object space 52736K, 19% used [0x00000000a0000000,0x00000000a09e4258,0x00000000a3380000)
 Metaspace       used 34537K, capacity 35212K, committed 35416K, reserved 1079296K
  class space    used 4795K, capacity 4986K, committed 4992K, reserved 1048576K
Event: 5.942 GC heap after
Heap after GC invocations=9 (full 1):
 PSYoungGen      total 235520K, used 9277K [0x00000000e0000000, 0x00000000efc80000, 0x0000000100000000)
  eden space 223232K, 0% used [0x00000000e0000000,0x00000000e0000000,0x00000000eda00000)
  from space 12288K, 75% used [0x00000000ee680000,0x00000000eef8f420,0x00000000ef280000)
  to   space 12800K, 0% used [0x00000000eda00000,0x00000000eda00000,0x00000000ee680000)
 ParOldGen       total 52736K, used 10136K [0x00000000a0000000, 0x00000000a3380000, 0x00000000e0000000)
  object space 52736K, 19% used [0x00000000a0000000,0x00000000a09e6258,0x00000000a3380000)
 Metaspace       used 34537K, capacity 35212K, committed 35416K, reserved 1079296K
  class space    used 4795K, capacity 4986K, committed 4992K, reserved 1048576K
}
Event: 5.942 GC heap before
{Heap before GC invocations=10 (full 2):
 PSYoungGen      total 235520K, used 9277K [0x00000000e0000000, 0x00000000efc80000, 0x0000000100000000)
  eden space 223232K, 0% used [0x00000000e0000000,0x00000000e0000000,0x00000000eda00000)
  from space 12288K, 75% used [0x00000000ee680000,0x00000000eef8f420,0x00000000ef280000)
  to   space 12800K, 0% used [0x00000000eda00000,0x00000000eda00000,0x00000000ee680000)
 ParOldGen       total 52736K, used 10136K [0x00000000a0000000, 0x00000000a3380000, 0x00000000e0000000)
  object space 52736K, 19% used [0x00000000a0000000,0x00000000a09e6258,0x00000000a3380000)
 Metaspace       used 34537K, capacity 35212K, committed 35416K, reserved 1079296K
  class space    used 4795K, capacity 4986K, committed 4992K, reserved 1048576K
Event: 6.014 GC heap after
Heap after GC invocations=10 (full 2):
 PSYoungGen      total 235520K, used 0K [0x00000000e0000000, 0x00000000efc80000, 0x0000000100000000)
  eden space 223232K, 0% used [0x00000000e0000000,0x00000000e0000000,0x00000000eda00000)
  from space 12288K, 0% used [0x00000000ee680000,0x00000000ee680000,0x00000000ef280000)
  to   space 12800K, 0% used [0x00000000eda00000,0x00000000eda00000,0x00000000ee680000)
 ParOldGen       total 69120K, used 15553K [0x00000000a0000000, 0x00000000a4380000, 0x00000000e0000000)
  object space 69120K, 22% used [0x00000000a0000000,0x00000000a0f30718,0x00000000a4380000)
 Metaspace       used 34537K, capacity 35212K, committed 35416K, reserved 1079296K
  class space    used 4795K, capacity 4986K, committed 4992K, reserved 1048576K
}

