# JRE version: Java(TM) SE Runtime Environment (8.0_25-b18) (build 1.8.0_25-b18)
# Java VM: Java HotSpot(TM) 64-Bit Server VM (25.25-b02 mixed mode windows-amd64 compressed oops)
Heap:
 PSYoungGen      total 231936K, used 128146K [0x00000000e0000000, 0x00000000efb00000, 0x0000000100000000)
  eden space 219648K, 58% used [0x00000000e0000000,0x00000000e7d24a88,0x00000000ed680000)
  from space 12288K, 0% used [0x00000000ee300000,0x00000000ee300000,0x00000000eef00000)
  to   space 12800K, 0% used [0x00000000ed680000,0x00000000ed680000,0x00000000ee300000)
 ParOldGen       total 69632K, used 15762K [0x00000000a0000000, 0x00000000a4400000, 0x00000000e0000000)
  object space 69632K, 22% used [0x00000000a0000000,0x00000000a0f64bf8,0x00000000a4400000)
 Metaspace       used 42257K, capacity 43156K, committed 43480K, reserved 1087488K
  class space    used 5788K, capacity 6053K, committed 6144K, reserved 1048576K
GC Heap History (10 events):
Event: 3.439 GC heap before
{Heap before GC invocations=6 (full 1):
 PSYoungGen      total 71680K, used 5116K [0x00000000e0000000, 0x00000000e9700000, 0x0000000100000000)
  eden space 66560K, 0% used [0x00000000e0000000,0x00000000e0000000,0x00000000e4100000)
  from space 5120K, 99% used [0x00000000e4100000,0x00000000e45ff080,0x00000000e4600000)
  to   space 10752K, 0% used [0x00000000e8c80000,0x00000000e8c80000,0x00000000e9700000)
 ParOldGen       total 87552K, used 8281K [0x00000000a0000000, 0x00000000a5580000, 0x00000000e0000000)
  object space 87552K, 9% used [0x00000000a0000000,0x00000000a08167a0,0x00000000a5580000)
 Metaspace       used 20640K, capacity 21078K, committed 21248K, reserved 1067008K
  class space    used 2923K, capacity 3030K, committed 3072K, reserved 1048576K
Event: 3.473 GC heap after
Heap after GC invocations=6 (full 1):
 PSYoungGen      total 71680K, used 0K [0x00000000e0000000, 0x00000000e9700000, 0x0000000100000000)
  eden space 66560K, 0% used [0x00000000e0000000,0x00000000e0000000,0x00000000e4100000)
  from space 5120K, 0% used [0x00000000e4100000,0x00000000e4100000,0x00000000e4600000)
  to   space 10752K, 0% used [0x00000000e8c80000,0x00000000e8c80000,0x00000000e9700000)
 ParOldGen       total 50176K, used 6554K [0x00000000a0000000, 0x00000000a3100000, 0x00000000e0000000)
  object space 50176K, 13% used [0x00000000a0000000,0x00000000a06669a0,0x00000000a3100000)
 Metaspace       used 20638K, capacity 21076K, committed 21248K, reserved 1067008K
  class space    used 2922K, capacity 3029K, committed 3072K, reserved 1048576K
}
Event: 4.241 GC heap before
{Heap before GC invocations=7 (full 1):
 PSYoungGen      total 71680K, used 66560K [0x00000000e0000000, 0x00000000e9700000, 0x0000000100000000)
  eden space 66560K, 100% used [0x00000000e0000000,0x00000000e4100000,0x00000000e4100000)
  from space 5120K, 0% used [0x00000000e4100000,0x00000000e4100000,0x00000000e4600000)
  to   space 10752K, 0% used [0x00000000e8c80000,0x00000000e8c80000,0x00000000e9700000)
 ParOldGen       total 50176K, used 6554K [0x00000000a0000000, 0x00000000a3100000, 0x00000000e0000000)
  object space 50176K, 13% used [0x00000000a0000000,0x00000000a06669a0,0x00000000a3100000)
 Metaspace       used 25096K, capacity 25656K, committed 25984K, reserved 1071104K
  class space    used 3550K, capacity 3691K, committed 3712K, reserved 1048576K
Event: 4.247 GC heap after
Heap after GC invocations=7 (full 1):
 PSYoungGen      total 130048K, used 7328K [0x00000000e0000000, 0x00000000e9400000, 0x0000000100000000)
  eden space 122368K, 0% used [0x00000000e0000000,0x00000000e0000000,0x00000000e7780000)
  from space 7680K, 95% used [0x00000000e8c80000,0x00000000e93a8278,0x00000000e9400000)
  to   space 10752K, 0% used [0x00000000e7f00000,0x00000000e7f00000,0x00000000e8980000)
 ParOldGen       total 50176K, used 6562K [0x00000000a0000000, 0x00000000a3100000, 0x00000000e0000000)
  object space 50176K, 13% used [0x00000000a0000000,0x00000000a06689a0,0x00000000a3100000)
 Metaspace       used 25096K, capacity 25656K, committed 25984K, reserved 1071104K
  class space    used 3550K, capacity 3691K, committed 3712K, reserved 1048576K
}
Event: 7.342 GC heap before
{Heap before GC invocations=8 (full 1):
 PSYoungGen      total 130048K, used 129696K [0x00000000e0000000, 0x00000000e9400000, 0x0000000100000000)
  eden space 122368K, 100% used [0x00000000e0000000,0x00000000e7780000,0x00000000e7780000)
  from space 7680K, 95% used [0x00000000e8c80000,0x00000000e93a8278,0x00000000e9400000)
  to   space 10752K, 0% used [0x00000000e7f00000,0x00000000e7f00000,0x00000000e8980000)
 ParOldGen       total 50176K, used 6562K [0x00000000a0000000, 0x00000000a3100000, 0x00000000e0000000)
  object space 50176K, 13% used [0x00000000a0000000,0x00000000a06689a0,0x00000000a3100000)
 Metaspace       used 31390K, capacity 31886K, committed 32256K, reserved 1077248K
  class space    used 4364K, capacity 4486K, committed 4608K, reserved 1048576K
Event: 7.352 GC heap after
Heap after GC invocations=8 (full 1):
 PSYoungGen      total 140800K, used 10747K [0x00000000e0000000, 0x00000000eef00000, 0x0000000100000000)
  eden space 130048K, 0% used [0x00000000e0000000,0x00000000e0000000,0x00000000e7f00000)
  from space 10752K, 99% used [0x00000000e7f00000,0x00000000e897ecc8,0x00000000e8980000)
  to   space 12288K, 0% used [0x00000000ee300000,0x00000000ee300000,0x00000000eef00000)
 ParOldGen       total 50176K, used 6842K [0x00000000a0000000, 0x00000000a3100000, 0x00000000e0000000)
  object space 50176K, 13% used [0x00000000a0000000,0x00000000a06aeb80,0x00000000a3100000)
 Metaspace       used 31390K, capacity 31886K, committed 32256K, reserved 1077248K
  class space    used 4364K, capacity 4486K, committed 4608K, reserved 1048576K
}
Event: 7.634 GC heap before
{Heap before GC invocations=9 (full 1):
 PSYoungGen      total 140800K, used 28086K [0x00000000e0000000, 0x00000000eef00000, 0x0000000100000000)
  eden space 130048K, 13% used [0x00000000e0000000,0x00000000e10eecd8,0x00000000e7f00000)
  from space 10752K, 99% used [0x00000000e7f00000,0x00000000e897ecc8,0x00000000e8980000)
  to   space 12288K, 0% used [0x00000000ee300000,0x00000000ee300000,0x00000000eef00000)
 ParOldGen       total 50176K, used 6842K [0x00000000a0000000, 0x00000000a3100000, 0x00000000e0000000)
  object space 50176K, 13% used [0x00000000a0000000,0x00000000a06aeb80,0x00000000a3100000)
 Metaspace       used 34547K, capacity 35198K, committed 35416K, reserved 1079296K
  class space    used 4791K, capacity 4981K, committed 4992K, reserved 1048576K
Event: 7.641 GC heap after
Heap after GC invocations=9 (full 1):
 PSYoungGen      total 231936K, used 9444K [0x00000000e0000000, 0x00000000efb00000, 0x0000000100000000)
  eden space 219648K, 0% used [0x00000000e0000000,0x00000000e0000000,0x00000000ed680000)
  from space 12288K, 76% used [0x00000000ee300000,0x00000000eec39108,0x00000000eef00000)
  to   space 12800K, 0% used [0x00000000ed680000,0x00000000ed680000,0x00000000ee300000)
 ParOldGen       total 50176K, used 6850K [0x00000000a0000000, 0x00000000a3100000, 0x00000000e0000000)
  object space 50176K, 13% used [0x00000000a0000000,0x00000000a06b0b80,0x00000000a3100000)
 Metaspace       used 34547K, capacity 35198K, committed 35416K, reserved 1079296K
  class space    used 4791K, capacity 4981K, committed 4992K, reserved 1048576K
}
Event: 7.641 GC heap before
{Heap before GC invocations=10 (full 2):
 PSYoungGen      total 231936K, used 9444K [0x00000000e0000000, 0x00000000efb00000, 0x0000000100000000)
  eden space 219648K, 0% used [0x00000000e0000000,0x00000000e0000000,0x00000000ed680000)
  from space 12288K, 76% used [0x00000000ee300000,0x00000000eec39108,0x00000000eef00000)
  to   space 12800K, 0% used [0x00000000ed680000,0x00000000ed680000,0x00000000ee300000)
 ParOldGen       total 50176K, used 6850K [0x00000000a0000000, 0x00000000a3100000, 0x00000000e0000000)
  object space 50176K, 13% used [0x00000000a0000000,0x00000000a06b0b80,0x00000000a3100000)
 Metaspace       used 34547K, capacity 35198K, committed 35416K, reserved 1079296K
  class space    used 4791K, capacity 4981K, committed 4992K, reserved 1048576K
Event: 7.719 GC heap after
Heap after GC invocations=10 (full 2):
 PSYoungGen      total 231936K, used 0K [0x00000000e0000000, 0x00000000efb00000, 0x0000000100000000)
  eden space 219648K, 0% used [0x00000000e0000000,0x00000000e0000000,0x00000000ed680000)
  from space 12288K, 0% used [0x00000000ee300000,0x00000000ee300000,0x00000000eef00000)
  to   space 12800K, 0% used [0x00000000ed680000,0x00000000ed680000,0x00000000ee300000)
 ParOldGen       total 69632K, used 15762K [0x00000000a0000000, 0x00000000a4400000, 0x00000000e0000000)
  object space 69632K, 22% used [0x00000000a0000000,0x00000000a0f64bf8,0x00000000a4400000)
 Metaspace       used 34547K, capacity 35198K, committed 35416K, reserved 1079296K
  class space    used 4791K, capacity 4981K, committed 4992K, reserved 1048576K
}

