# JRE version: Java(TM) SE Runtime Environment (8.0_25-b18) (build 1.8.0_25-b18)
# Java VM: Java HotSpot(TM) 64-Bit Server VM (25.25-b02 mixed mode windows-amd64 compressed oops)
Heap:
 PSYoungGen      total 286720K, used 20293K [0x00000000e0000000, 0x00000000f3080000, 0x0000000100000000)
  eden space 270848K, 1% used [0x00000000e0000000,0x00000000e0452ec0,0x00000000f0880000)
  from space 15872K, 99% used [0x00000000f1c80000,0x00000000f2bfe5c8,0x00000000f2c00000)
  to   space 20480K, 0% used [0x00000000f0880000,0x00000000f0880000,0x00000000f1c80000)
 ParOldGen       total 75264K, used 28373K [0x00000000a0000000, 0x00000000a4980000, 0x00000000e0000000)
  object space 75264K, 37% used [0x00000000a0000000,0x00000000a1bb57c0,0x00000000a4980000)
 Metaspace       used 53163K, capacity 54966K, committed 55128K, reserved 1097728K
  class space    used 7328K, capacity 7714K, committed 7808K, reserved 1048576K
GC Heap History (10 events):
Event: 4.444 GC heap before
{Heap before GC invocations=8 (full 1):
 PSYoungGen      total 125952K, used 125709K [0x00000000e0000000, 0x00000000e9380000, 0x0000000100000000)
  eden space 118784K, 100% used [0x00000000e0000000,0x00000000e7400000,0x00000000e7400000)
  from space 7168K, 96% used [0x00000000e8c80000,0x00000000e93436b8,0x00000000e9380000)
  to   space 10240K, 0% used [0x00000000e7f80000,0x00000000e7f80000,0x00000000e8980000)
 ParOldGen       total 51712K, used 6700K [0x00000000a0000000, 0x00000000a3280000, 0x00000000e0000000)
  object space 51712K, 12% used [0x00000000a0000000,0x00000000a068b238,0x00000000a3280000)
 Metaspace       used 31271K, capacity 31814K, committed 32256K, reserved 1077248K
  class space    used 4351K, capacity 4482K, committed 4608K, reserved 1048576K
Event: 4.453 GC heap after
Heap after GC invocations=8 (full 1):
 PSYoungGen      total 140800K, used 10226K [0x00000000e0000000, 0x00000000ee080000, 0x0000000100000000)
  eden space 130560K, 0% used [0x00000000e0000000,0x00000000e0000000,0x00000000e7f80000)
  from space 10240K, 99% used [0x00000000e7f80000,0x00000000e897ca68,0x00000000e8980000)
  to   space 11776K, 0% used [0x00000000ed500000,0x00000000ed500000,0x00000000ee080000)
 ParOldGen       total 51712K, used 7085K [0x00000000a0000000, 0x00000000a3280000, 0x00000000e0000000)
  object space 51712K, 13% used [0x00000000a0000000,0x00000000a06eb658,0x00000000a3280000)
 Metaspace       used 31271K, capacity 31814K, committed 32256K, reserved 1077248K
  class space    used 4351K, capacity 4482K, committed 4608K, reserved 1048576K
}
Event: 4.722 GC heap before
{Heap before GC invocations=9 (full 1):
 PSYoungGen      total 140800K, used 29769K [0x00000000e0000000, 0x00000000ee080000, 0x0000000100000000)
  eden space 130560K, 14% used [0x00000000e0000000,0x00000000e1315a50,0x00000000e7f80000)
  from space 10240K, 99% used [0x00000000e7f80000,0x00000000e897ca68,0x00000000e8980000)
  to   space 11776K, 0% used [0x00000000ed500000,0x00000000ed500000,0x00000000ee080000)
 ParOldGen       total 51712K, used 7085K [0x00000000a0000000, 0x00000000a3280000, 0x00000000e0000000)
  object space 51712K, 13% used [0x00000000a0000000,0x00000000a06eb658,0x00000000a3280000)
 Metaspace       used 34554K, capacity 35224K, committed 35416K, reserved 1079296K
  class space    used 4798K, capacity 4988K, committed 4992K, reserved 1048576K
Event: 4.729 GC heap after
Heap after GC invocations=9 (full 1):
 PSYoungGen      total 217600K, used 9416K [0x00000000e0000000, 0x00000000ef280000, 0x0000000100000000)
  eden space 205824K, 0% used [0x00000000e0000000,0x00000000e0000000,0x00000000ec900000)
  from space 11776K, 79% used [0x00000000ed500000,0x00000000ede32370,0x00000000ee080000)
  to   space 12288K, 0% used [0x00000000ec900000,0x00000000ec900000,0x00000000ed500000)
 ParOldGen       total 51712K, used 7093K [0x00000000a0000000, 0x00000000a3280000, 0x00000000e0000000)
  object space 51712K, 13% used [0x00000000a0000000,0x00000000a06ed658,0x00000000a3280000)
 Metaspace       used 34554K, capacity 35224K, committed 35416K, reserved 1079296K
  class space    used 4798K, capacity 4988K, committed 4992K, reserved 1048576K
}
Event: 4.729 GC heap before
{Heap before GC invocations=10 (full 2):
 PSYoungGen      total 217600K, used 9416K [0x00000000e0000000, 0x00000000ef280000, 0x0000000100000000)
  eden space 205824K, 0% used [0x00000000e0000000,0x00000000e0000000,0x00000000ec900000)
  from space 11776K, 79% used [0x00000000ed500000,0x00000000ede32370,0x00000000ee080000)
  to   space 12288K, 0% used [0x00000000ec900000,0x00000000ec900000,0x00000000ed500000)
 ParOldGen       total 51712K, used 7093K [0x00000000a0000000, 0x00000000a3280000, 0x00000000e0000000)
  object space 51712K, 13% used [0x00000000a0000000,0x00000000a06ed658,0x00000000a3280000)
 Metaspace       used 34554K, capacity 35224K, committed 35416K, reserved 1079296K
  class space    used 4798K, capacity 4988K, committed 4992K, reserved 1048576K
Event: 4.803 GC heap after
Heap after GC invocations=10 (full 2):
 PSYoungGen      total 217600K, used 0K [0x00000000e0000000, 0x00000000ef280000, 0x0000000100000000)
  eden space 205824K, 0% used [0x00000000e0000000,0x00000000e0000000,0x00000000ec900000)
  from space 11776K, 0% used [0x00000000ed500000,0x00000000ed500000,0x00000000ee080000)
  to   space 12288K, 0% used [0x00000000ec900000,0x00000000ec900000,0x00000000ed500000)
 ParOldGen       total 75264K, used 15799K [0x00000000a0000000, 0x00000000a4980000, 0x00000000e0000000)
  object space 75264K, 20% used [0x00000000a0000000,0x00000000a0f6df40,0x00000000a4980000)
 Metaspace       used 34554K, capacity 35224K, committed 35416K, reserved 1079296K
  class space    used 4798K, capacity 4988K, committed 4992K, reserved 1048576K
}
Event: 6.444 GC heap before
{Heap before GC invocations=11 (full 2):
 PSYoungGen      total 217600K, used 205824K [0x00000000e0000000, 0x00000000ef280000, 0x0000000100000000)
  eden space 205824K, 100% used [0x00000000e0000000,0x00000000ec900000,0x00000000ec900000)
  from space 11776K, 0% used [0x00000000ed500000,0x00000000ed500000,0x00000000ee080000)
  to   space 12288K, 0% used [0x00000000ec900000,0x00000000ec900000,0x00000000ed500000)
 ParOldGen       total 75264K, used 15799K [0x00000000a0000000, 0x00000000a4980000, 0x00000000e0000000)
  object space 75264K, 20% used [0x00000000a0000000,0x00000000a0f6df40,0x00000000a4980000)
 Metaspace       used 46445K, capacity 47430K, committed 47576K, reserved 1089536K
  class space    used 6337K, capacity 6634K, committed 6656K, reserved 1048576K
Event: 6.460 GC heap after
Heap after GC invocations=11 (full 2):
 PSYoungGen      total 218112K, used 12256K [0x00000000e0000000, 0x00000000f2c00000, 0x0000000100000000)
  eden space 205824K, 0% used [0x00000000e0000000,0x00000000e0000000,0x00000000ec900000)
  from space 12288K, 99% used [0x00000000ec900000,0x00000000ed4f80a8,0x00000000ed500000)
  to   space 15872K, 0% used [0x00000000f1c80000,0x00000000f1c80000,0x00000000f2c00000)
 ParOldGen       total 75264K, used 20971K [0x00000000a0000000, 0x00000000a4980000, 0x00000000e0000000)
  object space 75264K, 27% used [0x00000000a0000000,0x00000000a147afe8,0x00000000a4980000)
 Metaspace       used 46445K, capacity 47430K, committed 47576K, reserved 1089536K
  class space    used 6337K, capacity 6634K, committed 6656K, reserved 1048576K
}
Event: 8.145 GC heap before
{Heap before GC invocations=12 (full 2):
 PSYoungGen      total 218112K, used 218080K [0x00000000e0000000, 0x00000000f2c00000, 0x0000000100000000)
  eden space 205824K, 100% used [0x00000000e0000000,0x00000000ec900000,0x00000000ec900000)
  from space 12288K, 99% used [0x00000000ec900000,0x00000000ed4f80a8,0x00000000ed500000)
  to   space 15872K, 0% used [0x00000000f1c80000,0x00000000f1c80000,0x00000000f2c00000)
 ParOldGen       total 75264K, used 20971K [0x00000000a0000000, 0x00000000a4980000, 0x00000000e0000000)
  object space 75264K, 27% used [0x00000000a0000000,0x00000000a147afe8,0x00000000a4980000)
 Metaspace       used 53154K, capacity 54966K, committed 55128K, reserved 1097728K
  class space    used 7328K, capacity 7714K, committed 7808K, reserved 1048576K
Event: 8.167 GC heap after
Heap after GC invocations=12 (full 2):
 PSYoungGen      total 286720K, used 15865K [0x00000000e0000000, 0x00000000f3080000, 0x0000000100000000)
  eden space 270848K, 0% used [0x00000000e0000000,0x00000000e0000000,0x00000000f0880000)
  from space 15872K, 99% used [0x00000000f1c80000,0x00000000f2bfe5c8,0x00000000f2c00000)
  to   space 20480K, 0% used [0x00000000f0880000,0x00000000f0880000,0x00000000f1c80000)
 ParOldGen       total 75264K, used 28373K [0x00000000a0000000, 0x00000000a4980000, 0x00000000e0000000)
  object space 75264K, 37% used [0x00000000a0000000,0x00000000a1bb57c0,0x00000000a4980000)
 Metaspace       used 53154K, capacity 54966K, committed 55128K, reserved 1097728K
  class space    used 7328K, capacity 7714K, committed 7808K, reserved 1048576K
}

