# JRE version: Java(TM) SE Runtime Environment (8.0_25-b18) (build 1.8.0_25-b18)
# Java VM: Java HotSpot(TM) 64-Bit Server VM (25.25-b02 mixed mode windows-amd64 compressed oops)
Heap:
 PSYoungGen      total 260608K, used 90535K [0x00000000e0000000, 0x00000000f1500000, 0x0000000100000000)
  eden space 245760K, 36% used [0x00000000e0000000,0x00000000e5869f58,0x00000000ef000000)
  from space 14848K, 0% used [0x00000000f0400000,0x00000000f0400000,0x00000000f1280000)
  to   space 18944K, 0% used [0x00000000ef000000,0x00000000ef000000,0x00000000f0280000)
 ParOldGen       total 95744K, used 80521K [0x00000000a0000000, 0x00000000a5d80000, 0x00000000e0000000)
  object space 95744K, 84% used [0x00000000a0000000,0x00000000a4ea2468,0x00000000a5d80000)
 Metaspace       used 65202K, capacity 66964K, committed 67288K, reserved 1107968K
  class space    used 8726K, capacity 9139K, committed 9216K, reserved 1048576K
GC Heap History (10 events):
Event: 20.780 GC heap before
{Heap before GC invocations=16 (full 4):
 PSYoungGen      total 260608K, used 14836K [0x00000000e0000000, 0x00000000f1500000, 0x0000000100000000)
  eden space 245760K, 0% used [0x00000000e0000000,0x00000000e0000000,0x00000000ef000000)
  from space 14848K, 99% used [0x00000000f0400000,0x00000000f127d340,0x00000000f1280000)
  to   space 18944K, 0% used [0x00000000ef000000,0x00000000ef000000,0x00000000f0280000)
 ParOldGen       total 95744K, used 95638K [0x00000000a0000000, 0x00000000a5d80000, 0x00000000e0000000)
  object space 95744K, 99% used [0x00000000a0000000,0x00000000a5d65a30,0x00000000a5d80000)
 Metaspace       used 62813K, capacity 64622K, committed 64984K, reserved 1105920K
  class space    used 8445K, capacity 8847K, committed 8960K, reserved 1048576K
Event: 21.027 GC heap after
Heap after GC invocations=16 (full 4):
 PSYoungGen      total 260608K, used 0K [0x00000000e0000000, 0x00000000f1500000, 0x0000000100000000)
  eden space 245760K, 0% used [0x00000000e0000000,0x00000000e0000000,0x00000000ef000000)
  from space 14848K, 0% used [0x00000000f0400000,0x00000000f0400000,0x00000000f1280000)
  to   space 18944K, 0% used [0x00000000ef000000,0x00000000ef000000,0x00000000f0280000)
 ParOldGen       total 95744K, used 73155K [0x00000000a0000000, 0x00000000a5d80000, 0x00000000e0000000)
  object space 95744K, 76% used [0x00000000a0000000,0x00000000a4770c10,0x00000000a5d80000)
 Metaspace       used 62778K, capacity 64552K, committed 64984K, reserved 1105920K
  class space    used 8435K, capacity 8833K, committed 8960K, reserved 1048576K
}
Event: 22.998 GC heap before
{Heap before GC invocations=17 (full 5):
 PSYoungGen      total 260608K, used 245760K [0x00000000e0000000, 0x00000000f1500000, 0x0000000100000000)
  eden space 245760K, 100% used [0x00000000e0000000,0x00000000ef000000,0x00000000ef000000)
  from space 14848K, 0% used [0x00000000f0400000,0x00000000f0400000,0x00000000f1280000)
  to   space 18944K, 0% used [0x00000000ef000000,0x00000000ef000000,0x00000000f0280000)
 ParOldGen       total 95744K, used 73155K [0x00000000a0000000, 0x00000000a5d80000, 0x00000000e0000000)
  object space 95744K, 76% used [0x00000000a0000000,0x00000000a4770c10,0x00000000a5d80000)
 Metaspace       used 64011K, capacity 65770K, committed 66136K, reserved 1105920K
  class space    used 8614K, capacity 9026K, committed 9088K, reserved 1048576K
Event: 23.123 GC heap after
Heap after GC invocations=17 (full 5):
 PSYoungGen      total 260608K, used 0K [0x00000000e0000000, 0x00000000f1500000, 0x0000000100000000)
  eden space 245760K, 0% used [0x00000000e0000000,0x00000000e0000000,0x00000000ef000000)
  from space 14848K, 0% used [0x00000000f0400000,0x00000000f0400000,0x00000000f1280000)
  to   space 18944K, 0% used [0x00000000ef000000,0x00000000ef000000,0x00000000f0280000)
 ParOldGen       total 95744K, used 44551K [0x00000000a0000000, 0x00000000a5d80000, 0x00000000e0000000)
  object space 95744K, 46% used [0x00000000a0000000,0x00000000a2b81ff0,0x00000000a5d80000)
 Metaspace       used 64011K, capacity 65770K, committed 66136K, reserved 1105920K
  class space    used 8614K, capacity 9026K, committed 9088K, reserved 1048576K
}
Event: 24.494 GC heap before
{Heap before GC invocations=18 (full 5):
 PSYoungGen      total 260608K, used 245760K [0x00000000e0000000, 0x00000000f1500000, 0x0000000100000000)
  eden space 245760K, 100% used [0x00000000e0000000,0x00000000ef000000,0x00000000ef000000)
  from space 14848K, 0% used [0x00000000f0400000,0x00000000f0400000,0x00000000f1280000)
  to   space 18944K, 0% used [0x00000000ef000000,0x00000000ef000000,0x00000000f0280000)
 ParOldGen       total 95744K, used 44551K [0x00000000a0000000, 0x00000000a5d80000, 0x00000000e0000000)
  object space 95744K, 46% used [0x00000000a0000000,0x00000000a2b81ff0,0x00000000a5d80000)
 Metaspace       used 64102K, capacity 65858K, committed 66136K, reserved 1105920K
  class space    used 8620K, capacity 9032K, committed 9088K, reserved 1048576K
Event: 24.503 GC heap after
Heap after GC invocations=18 (full 5):
 PSYoungGen      total 264704K, used 6075K [0x00000000e0000000, 0x00000000f1500000, 0x0000000100000000)
  eden space 245760K, 0% used [0x00000000e0000000,0x00000000e0000000,0x00000000ef000000)
  from space 18944K, 32% used [0x00000000ef000000,0x00000000ef5eec88,0x00000000f0280000)
  to   space 14848K, 0% used [0x00000000f0400000,0x00000000f0400000,0x00000000f1280000)
 ParOldGen       total 95744K, used 44559K [0x00000000a0000000, 0x00000000a5d80000, 0x00000000e0000000)
  object space 95744K, 46% used [0x00000000a0000000,0x00000000a2b83ff0,0x00000000a5d80000)
 Metaspace       used 64102K, capacity 65858K, committed 66136K, reserved 1105920K
  class space    used 8620K, capacity 9032K, committed 9088K, reserved 1048576K
}
Event: 25.698 GC heap before
{Heap before GC invocations=19 (full 5):
 PSYoungGen      total 264704K, used 251835K [0x00000000e0000000, 0x00000000f1500000, 0x0000000100000000)
  eden space 245760K, 100% used [0x00000000e0000000,0x00000000ef000000,0x00000000ef000000)
  from space 18944K, 32% used [0x00000000ef000000,0x00000000ef5eec88,0x00000000f0280000)
  to   space 14848K, 0% used [0x00000000f0400000,0x00000000f0400000,0x00000000f1280000)
 ParOldGen       total 95744K, used 44559K [0x00000000a0000000, 0x00000000a5d80000, 0x00000000e0000000)
  object space 95744K, 46% used [0x00000000a0000000,0x00000000a2b83ff0,0x00000000a5d80000)
 Metaspace       used 64780K, capacity 66516K, committed 66904K, reserved 1107968K
  class space    used 8683K, capacity 9075K, committed 9088K, reserved 1048576K
Event: 25.730 GC heap after
Heap after GC invocations=19 (full 5):
 PSYoungGen      total 260608K, used 14841K [0x00000000e0000000, 0x00000000f1500000, 0x0000000100000000)
  eden space 245760K, 0% used [0x00000000e0000000,0x00000000e0000000,0x00000000ef000000)
  from space 14848K, 99% used [0x00000000f0400000,0x00000000f127e530,0x00000000f1280000)
  to   space 18944K, 0% used [0x00000000ef000000,0x00000000ef000000,0x00000000f0280000)
 ParOldGen       total 95744K, used 68835K [0x00000000a0000000, 0x00000000a5d80000, 0x00000000e0000000)
  object space 95744K, 71% used [0x00000000a0000000,0x00000000a4338de8,0x00000000a5d80000)
 Metaspace       used 64780K, capacity 66516K, committed 66904K, reserved 1107968K
  class space    used 8683K, capacity 9075K, committed 9088K, reserved 1048576K
}
Event: 25.730 GC heap before
{Heap before GC invocations=20 (full 6):
 PSYoungGen      total 260608K, used 14841K [0x00000000e0000000, 0x00000000f1500000, 0x0000000100000000)
  eden space 245760K, 0% used [0x00000000e0000000,0x00000000e0000000,0x00000000ef000000)
  from space 14848K, 99% used [0x00000000f0400000,0x00000000f127e530,0x00000000f1280000)
  to   space 18944K, 0% used [0x00000000ef000000,0x00000000ef000000,0x00000000f0280000)
 ParOldGen       total 95744K, used 68835K [0x00000000a0000000, 0x00000000a5d80000, 0x00000000e0000000)
  object space 95744K, 71% used [0x00000000a0000000,0x00000000a4338de8,0x00000000a5d80000)
 Metaspace       used 64780K, capacity 66516K, committed 66904K, reserved 1107968K
  class space    used 8683K, capacity 9075K, committed 9088K, reserved 1048576K
Event: 26.002 GC heap after
Heap after GC invocations=20 (full 6):
 PSYoungGen      total 260608K, used 0K [0x00000000e0000000, 0x00000000f1500000, 0x0000000100000000)
  eden space 245760K, 0% used [0x00000000e0000000,0x00000000e0000000,0x00000000ef000000)
  from space 14848K, 0% used [0x00000000f0400000,0x00000000f0400000,0x00000000f1280000)
  to   space 18944K, 0% used [0x00000000ef000000,0x00000000ef000000,0x00000000f0280000)
 ParOldGen       total 95744K, used 80521K [0x00000000a0000000, 0x00000000a5d80000, 0x00000000e0000000)
  object space 95744K, 84% used [0x00000000a0000000,0x00000000a4ea2468,0x00000000a5d80000)
 Metaspace       used 64780K, capacity 66516K, committed 66904K, reserved 1107968K
  class space    used 8683K, capacity 9075K, committed 9088K, reserved 1048576K
}

