# JRE version: Java(TM) SE Runtime Environment (8.0_25-b18) (build 1.8.0_25-b18)
# Java VM: Java HotSpot(TM) 64-Bit Server VM (25.25-b02 mixed mode windows-amd64 compressed oops)
Heap:
 PSYoungGen      total 222208K, used 7329K [0x00000000e0000000, 0x00000000f1380000, 0x0000000100000000)
  eden space 204800K, 3% used [0x00000000e0000000,0x00000000e0728668,0x00000000ec800000)
  from space 17408K, 0% used [0x00000000ec800000,0x00000000ec800000,0x00000000ed900000)
  to   space 17408K, 0% used [0x00000000f0280000,0x00000000f0280000,0x00000000f1380000)
 ParOldGen       total 142336K, used 36773K [0x00000000a0000000, 0x00000000a8b00000, 0x00000000e0000000)
  object space 142336K, 25% used [0x00000000a0000000,0x00000000a23e97d8,0x00000000a8b00000)
 Metaspace       used 59113K, capacity 60818K, committed 61016K, reserved 1101824K
  class space    used 8071K, capacity 8456K, committed 8576K, reserved 1048576K
GC Heap History (10 events):
Event: 6.571 GC heap before
{Heap before GC invocations=10 (full 2):
 PSYoungGen      total 177152K, used 9173K [0x00000000e0000000, 0x00000000eda80000, 0x0000000100000000)
  eden space 166400K, 0% used [0x00000000e0000000,0x00000000e0000000,0x00000000ea280000)
  from space 10752K, 85% used [0x00000000ead80000,0x00000000eb675580,0x00000000eb800000)
  to   space 11264K, 0% used [0x00000000ea280000,0x00000000ea280000,0x00000000ead80000)
 ParOldGen       total 57856K, used 7688K [0x00000000a0000000, 0x00000000a3880000, 0x00000000e0000000)
  object space 57856K, 13% used [0x00000000a0000000,0x00000000a0782258,0x00000000a3880000)
 Metaspace       used 34665K, capacity 35222K, committed 35416K, reserved 1079296K
  class space    used 4784K, capacity 4937K, committed 4992K, reserved 1048576K
Event: 6.695 GC heap after
Heap after GC invocations=10 (full 2):
 PSYoungGen      total 177152K, used 0K [0x00000000e0000000, 0x00000000eda80000, 0x0000000100000000)
  eden space 166400K, 0% used [0x00000000e0000000,0x00000000e0000000,0x00000000ea280000)
  from space 10752K, 0% used [0x00000000ead80000,0x00000000ead80000,0x00000000eb800000)
  to   space 11264K, 0% used [0x00000000ea280000,0x00000000ea280000,0x00000000ead80000)
 ParOldGen       total 90624K, used 16043K [0x00000000a0000000, 0x00000000a5880000, 0x00000000e0000000)
  object space 90624K, 17% used [0x00000000a0000000,0x00000000a0faacd8,0x00000000a5880000)
 Metaspace       used 34665K, capacity 35222K, committed 35416K, reserved 1079296K
  class space    used 4784K, capacity 4937K, committed 4992K, reserved 1048576K
}
Event: 10.462 GC heap before
{Heap before GC invocations=11 (full 2):
 PSYoungGen      total 177152K, used 166400K [0x00000000e0000000, 0x00000000eda80000, 0x0000000100000000)
  eden space 166400K, 100% used [0x00000000e0000000,0x00000000ea280000,0x00000000ea280000)
  from space 10752K, 0% used [0x00000000ead80000,0x00000000ead80000,0x00000000eb800000)
  to   space 11264K, 0% used [0x00000000ea280000,0x00000000ea280000,0x00000000ead80000)
 ParOldGen       total 90624K, used 16043K [0x00000000a0000000, 0x00000000a5880000, 0x00000000e0000000)
  object space 90624K, 17% used [0x00000000a0000000,0x00000000a0faacd8,0x00000000a5880000)
 Metaspace       used 45992K, capacity 46902K, committed 47192K, reserved 1089536K
  class space    used 6274K, capacity 6516K, committed 6528K, reserved 1048576K
Event: 10.484 GC heap after
Heap after GC invocations=11 (full 2):
 PSYoungGen      total 177664K, used 11260K [0x00000000e0000000, 0x00000000ee700000, 0x0000000100000000)
  eden space 166400K, 0% used [0x00000000e0000000,0x00000000e0000000,0x00000000ea280000)
  from space 11264K, 99% used [0x00000000ea280000,0x00000000ead7f378,0x00000000ead80000)
  to   space 14336K, 0% used [0x00000000ed900000,0x00000000ed900000,0x00000000ee700000)
 ParOldGen       total 90624K, used 20282K [0x00000000a0000000, 0x00000000a5880000, 0x00000000e0000000)
  object space 90624K, 22% used [0x00000000a0000000,0x00000000a13ceb58,0x00000000a5880000)
 Metaspace       used 45992K, capacity 46902K, committed 47192K, reserved 1089536K
  class space    used 6274K, capacity 6516K, committed 6528K, reserved 1048576K
}
Event: 12.444 GC heap before
{Heap before GC invocations=12 (full 2):
 PSYoungGen      total 177664K, used 177660K [0x00000000e0000000, 0x00000000ee700000, 0x0000000100000000)
  eden space 166400K, 100% used [0x00000000e0000000,0x00000000ea280000,0x00000000ea280000)
  from space 11264K, 99% used [0x00000000ea280000,0x00000000ead7f378,0x00000000ead80000)
  to   space 14336K, 0% used [0x00000000ed900000,0x00000000ed900000,0x00000000ee700000)
 ParOldGen       total 90624K, used 20282K [0x00000000a0000000, 0x00000000a5880000, 0x00000000e0000000)
  object space 90624K, 22% used [0x00000000a0000000,0x00000000a13ceb58,0x00000000a5880000)
 Metaspace       used 49192K, capacity 50482K, committed 50776K, reserved 1093632K
  class space    used 6677K, capacity 6974K, committed 7040K, reserved 1048576K
Event: 12.468 GC heap after
Heap after GC invocations=12 (full 2):
 PSYoungGen      total 219136K, used 14335K [0x00000000e0000000, 0x00000000eeb80000, 0x0000000100000000)
  eden space 204800K, 0% used [0x00000000e0000000,0x00000000e0000000,0x00000000ec800000)
  from space 14336K, 99% used [0x00000000ed900000,0x00000000ee6ffee8,0x00000000ee700000)
  to   space 17408K, 0% used [0x00000000ec800000,0x00000000ec800000,0x00000000ed900000)
 ParOldGen       total 90624K, used 23297K [0x00000000a0000000, 0x00000000a5880000, 0x00000000e0000000)
  object space 90624K, 25% used [0x00000000a0000000,0x00000000a16c07e0,0x00000000a5880000)
 Metaspace       used 49192K, capacity 50482K, committed 50776K, reserved 1093632K
  class space    used 6677K, capacity 6974K, committed 7040K, reserved 1048576K
}
Event: 20.373 GC heap before
{Heap before GC invocations=13 (full 2):
 PSYoungGen      total 219136K, used 183878K [0x00000000e0000000, 0x00000000eeb80000, 0x0000000100000000)
  eden space 204800K, 82% used [0x00000000e0000000,0x00000000ea591b58,0x00000000ec800000)
  from space 14336K, 99% used [0x00000000ed900000,0x00000000ee6ffee8,0x00000000ee700000)
  to   space 17408K, 0% used [0x00000000ec800000,0x00000000ec800000,0x00000000ed900000)
 ParOldGen       total 90624K, used 23297K [0x00000000a0000000, 0x00000000a5880000, 0x00000000e0000000)
  object space 90624K, 25% used [0x00000000a0000000,0x00000000a16c07e0,0x00000000a5880000)
 Metaspace       used 57142K, capacity 58866K, committed 58968K, reserved 1099776K
  class space    used 7841K, capacity 8232K, committed 8320K, reserved 1048576K
Event: 20.395 GC heap after
Heap after GC invocations=13 (full 2):
 PSYoungGen      total 222208K, used 12381K [0x00000000e0000000, 0x00000000f1380000, 0x0000000100000000)
  eden space 204800K, 0% used [0x00000000e0000000,0x00000000e0000000,0x00000000ec800000)
  from space 17408K, 71% used [0x00000000ec800000,0x00000000ed417550,0x00000000ed900000)
  to   space 17408K, 0% used [0x00000000f0280000,0x00000000f0280000,0x00000000f1380000)
 ParOldGen       total 90624K, used 34185K [0x00000000a0000000, 0x00000000a5880000, 0x00000000e0000000)
  object space 90624K, 37% used [0x00000000a0000000,0x00000000a2162478,0x00000000a5880000)
 Metaspace       used 57142K, capacity 58866K, committed 58968K, reserved 1099776K
  class space    used 7841K, capacity 8232K, committed 8320K, reserved 1048576K
}
Event: 20.395 GC heap before
{Heap before GC invocations=14 (full 3):
 PSYoungGen      total 222208K, used 12381K [0x00000000e0000000, 0x00000000f1380000, 0x0000000100000000)
  eden space 204800K, 0% used [0x00000000e0000000,0x00000000e0000000,0x00000000ec800000)
  from space 17408K, 71% used [0x00000000ec800000,0x00000000ed417550,0x00000000ed900000)
  to   space 17408K, 0% used [0x00000000f0280000,0x00000000f0280000,0x00000000f1380000)
 ParOldGen       total 90624K, used 34185K [0x00000000a0000000, 0x00000000a5880000, 0x00000000e0000000)
  object space 90624K, 37% used [0x00000000a0000000,0x00000000a2162478,0x00000000a5880000)
 Metaspace       used 57142K, capacity 58866K, committed 58968K, reserved 1099776K
  class space    used 7841K, capacity 8232K, committed 8320K, reserved 1048576K
Event: 20.639 GC heap after
Heap after GC invocations=14 (full 3):
 PSYoungGen      total 222208K, used 0K [0x00000000e0000000, 0x00000000f1380000, 0x0000000100000000)
  eden space 204800K, 0% used [0x00000000e0000000,0x00000000e0000000,0x00000000ec800000)
  from space 17408K, 0% used [0x00000000ec800000,0x00000000ec800000,0x00000000ed900000)
  to   space 17408K, 0% used [0x00000000f0280000,0x00000000f0280000,0x00000000f1380000)
 ParOldGen       total 142336K, used 36773K [0x00000000a0000000, 0x00000000a8b00000, 0x00000000e0000000)
  object space 142336K, 25% used [0x00000000a0000000,0x00000000a23e97d8,0x00000000a8b00000)
 Metaspace       used 57142K, capacity 58866K, committed 58968K, reserved 1099776K
  class space    used 7841K, capacity 8232K, committed 8320K, reserved 1048576K
}

